{"level":"info","message":"Buscando posts","service":"user-service"}
{"level":"info","message":"Buscando posts","service":"user-service"}
{"level":"info","message":"Buscando posts","service":"user-service"}
{"level":"info","message":"Buscando posts","service":"user-service"}
{"level":"error","message":"Erro ao buscar posts","service":"user-service"}
{"level":"info","message":"Posts buscados com sucesso","service":"user-service"}
{"level":"info","message":"Posts obtidos com sucesso","service":"user-service"}
{"level":"info","message":"Posts obtidos com sucesso","service":"user-service"}
{"level":"info","message":"Posts obtidos com sucesso","service":"user-service"}
{"level":"info","message":"Posts obtidos com sucesso","service":"user-service"}
{"level":"info","message":"Posts obtidos com sucesso","service":"user-service"}
{"level":"error","message":"Erro ao buscar posts.","service":"user-service"}
{"level":"info","message":"Posts obtidos com sucesso","service":"user-service"}
{"level":"info","message":"Posts obtidos com sucesso","service":"user-service"}
{"level":"error","message":"Erro ao buscar posts da url http://localhost:8000/postss","service":"user-service"}
{"level":"info","message":"Posts obtidos com sucesso","service":"user-service"}
{"level":"info","message":"Posts obtidos com sucesso","service":"user-service"}
{"level":"info","message":"Posts obtidos com sucesso","service":"user-service"}
{"level":"info","message":"Posts obtidos com sucesso","service":"user-service"}
{"level":"info","message":"Posts obtidos com sucesso","service":"user-service"}
{"level":"info","message":"Posts obtidos com sucesso","service":"user-service"}
{"level":"info","message":"Posts obtidos com sucesso","service":"user-service"}
{"level":"info","message":"Posts obtidos com sucesso","service":"user-service"}
{"level":"info","message":"Posts obtidos com sucesso","service":"user-service"}
{"level":"info","message":"Posts obtidos com sucesso","service":"user-service"}
{"level":"info","message":"Posts obtidos com sucesso","service":"user-service"}
{"level":"info","message":"Posts obtidos com sucesso","service":"user-service"}
{"level":"info","message":"Posts obtidos com sucesso","service":"user-service"}
{"level":"info","message":"Posts obtidos com sucesso","service":"user-service"}
{"level":"info","message":"Posts obtidos com sucesso","service":"user-service"}
{"level":"info","message":"Posts obtidos com sucesso","service":"user-service"}
{"level":"info","message":"Posts obtidos com sucesso","service":"user-service"}
{"level":"info","message":"Posts obtidos com sucesso","service":"user-service"}
{"level":"info","message":"Posts obtidos com sucesso","service":"user-service"}
{"level":"info","message":"Posts obtidos com sucesso","service":"user-service"}
{"level":"info","message":"Posts obtidos com sucesso","service":"user-service"}
{"level":"info","message":"Posts obtidos com sucesso","service":"user-service"}
{"level":"info","message":"Posts obtidos com sucesso","service":"user-service"}
{"level":"info","message":"Posts obtidos com sucesso","service":"user-service"}
{"level":"info","message":"Posts obtidos com sucesso","service":"user-service"}
{"level":"info","message":"Posts obtidos com sucesso","service":"user-service"}
{"level":"info","message":"Posts obtidos com sucesso","service":"user-service"}
{"level":"info","message":"Posts obtidos com sucesso","service":"user-service"}
{"level":"info","message":"Posts obtidos com sucesso","service":"user-service"}
{"level":"info","message":"Posts obtidos com sucesso","service":"user-service"}
{"level":"info","message":"Posts obtidos com sucesso","service":"user-service"}
{"level":"info","message":"Posts obtidos com sucesso","service":"user-service"}
{"level":"info","message":"Posts obtidos com sucesso","service":"user-service"}
{"level":"info","message":"Posts obtidos com sucesso","service":"user-service"}
{"level":"info","message":"Posts obtidos com sucesso","service":"user-service"}
{"level":"info","message":"Posts obtidos com sucesso","service":"user-service"}
{"level":"info","message":"Posts obtidos com sucesso","service":"user-service"}
{"level":"info","message":"Posts obtidos com sucesso","service":"user-service"}
{"level":"info","message":"Posts obtidos com sucesso","service":"user-service"}
{"level":"info","message":"Posts obtidos com sucesso","service":"user-service"}
{"level":"info","message":"Posts obtidos com sucesso","service":"user-service"}
{"level":"info","message":"Posts obtidos com sucesso","service":"user-service"}
{"level":"info","message":"Posts obtidos com sucesso","service":"user-service"}
{"level":"info","message":"Posts obtidos com sucesso","service":"user-service"}
{"level":"info","message":"Posts obtidos com sucesso","service":"user-service"}
{"level":"info","message":"Posts obtidos com sucesso","service":"user-service"}
{"level":"info","message":"Posts obtidos com sucesso","service":"user-service"}
{"level":"info","message":"Posts obtidos com sucesso","service":"user-service"}
{"level":"info","message":"Posts obtidos com sucesso","service":"user-service"}
{"level":"info","message":"Posts obtidos com sucesso","service":"user-service"}
{"level":"info","message":"Posts obtidos com sucesso","service":"user-service"}
{"level":"info","message":"Posts obtidos com sucesso","service":"user-service"}
{"level":"info","message":"Posts obtidos com sucesso","service":"user-service"}
{"level":"info","message":"Posts obtidos com sucesso","service":"user-service"}
{"level":"info","message":"Posts obtidos com sucesso","service":"user-service"}
{"level":"info","message":"Posts obtidos com sucesso","service":"user-service"}
{"level":"info","message":"Posts obtidos com sucesso","service":"user-service"}
{"level":"info","message":"Posts obtidos com sucesso","service":"user-service"}
{"level":"info","message":"Posts obtidos com sucesso","service":"user-service"}
{"level":"info","message":"Posts obtidos com sucesso","service":"user-service"}
{"level":"info","message":"Posts obtidos com sucesso","service":"user-service"}
{"level":"info","message":"Posts obtidos com sucesso","service":"user-service"}
{"level":"info","message":"Posts obtidos com sucesso","service":"user-service"}
{"level":"info","message":"Posts obtidos com sucesso","service":"user-service"}
{"level":"info","message":"Posts obtidos com sucesso","service":"user-service"}
{"level":"info","message":"Posts obtidos com sucesso","service":"user-service"}
{"level":"info","message":"Posts obtidos com sucesso","service":"user-service"}
{"level":"info","message":"Posts obtidos com sucesso","service":"user-service"}
{"level":"info","message":"Posts obtidos com sucesso","service":"user-service"}
{"level":"info","message":"Posts obtidos com sucesso","service":"user-service"}
{"level":"info","message":"Posts obtidos com sucesso","service":"user-service"}
{"level":"info","message":"Posts obtidos com sucesso","service":"user-service"}
{"level":"info","message":"Posts obtidos com sucesso","service":"user-service"}
{"level":"info","message":"Posts obtidos com sucesso","service":"user-service"}
{"level":"info","message":"Posts obtidos com sucesso","service":"user-service"}
{"level":"info","message":"Posts obtidos com sucesso","service":"user-service"}
{"level":"info","message":"Posts obtidos com sucesso","service":"user-service"}
{"level":"info","message":"Posts obtidos com sucesso","service":"user-service"}
{"level":"info","message":"Posts obtidos com sucesso","service":"user-service"}
{"level":"info","message":"Posts obtidos com sucesso","service":"user-service"}
{"level":"info","message":"Posts obtidos com sucesso","service":"user-service"}
{"level":"info","message":"Posts obtidos com sucesso","service":"user-service"}
{"level":"info","message":"Posts obtidos com sucesso","service":"user-service"}
{"level":"info","message":"Posts obtidos com sucesso","service":"user-service"}
{"level":"info","message":"Posts obtidos com sucesso","service":"user-service"}
{"level":"info","message":"Posts obtidos com sucesso","service":"user-service"}
{"level":"info","message":"Posts obtidos com sucesso","service":"user-service"}
{"level":"info","message":"Posts obtidos com sucesso","service":"user-service"}
{"level":"info","message":"Posts obtidos com sucesso","service":"user-service"}
{"level":"info","message":"[object Object],[object Object],[object Object],[object Object] posts obtidos com sucesso","service":"user-service"}
{"level":"info","message":"4 posts obtidos com sucesso na url http://localhost:8000/posts?_page=1&_per_page=4","service":"user-service"}
{"level":"info","message":"posts obtidos com sucesso na url http://localhost:8000/posts?_page=1&_per_page=4","service":"user-service"}
{"level":"info","message":"posts obtidos com sucesso na url http://localhost:8000/posts?_page=1&_per_page=4","service":"user-service"}
{"level":"info","message":"posts obtidos com sucesso na url http://localhost:8000/posts?_page=1&_per_page=4","service":"user-service"}
{"level":"info","message":"posts obtidos com sucesso na url http://localhost:8000/posts?_page=1&_per_page=4","service":"user-service"}
{"level":"info","message":"posts obtidos com sucesso na url http://localhost:8000/posts?_page=1&_per_page=4","service":"user-service"}
{"level":"info","message":"posts obtidos com sucesso na url http://localhost:8000/posts?_page=1&_per_page=4","service":"user-service"}
{"level":"info","message":"posts obtidos com sucesso na url http://localhost:8000/posts?_page=1&_per_page=4","service":"user-service"}
{"level":"info","message":"posts obtidos com sucesso na url http://localhost:8000/posts?_page=1&_per_page=4","service":"user-service"}
{"level":"info","message":"posts obtidos com sucesso na url http://localhost:8000/posts?_page=1&_per_page=4","service":"user-service"}
{"level":"info","message":"posts obtidos com sucesso na url http://localhost:8000/posts?_page=1&_per_page=4","service":"user-service"}
{"level":"info","message":"posts obtidos com sucesso na url http://localhost:8000/posts?_page=1&_per_page=4","service":"user-service"}
{"level":"info","message":"posts obtidos com sucesso na url http://localhost:8000/posts?_page=1&_per_page=4","service":"user-service"}
{"level":"info","message":"posts obtidos com sucesso na url http://localhost:8000/posts?_page=1&_per_page=4","service":"user-service"}
{"level":"info","message":"posts obtidos com sucesso na url http://localhost:8000/posts?_page=1&_per_page=4","service":"user-service"}
{"level":"info","message":"posts obtidos com sucesso na url http://localhost:8000/posts?_page=1&_per_page=4","service":"user-service"}
{"level":"info","message":"post obtido com sucesso na url http://localhost:8000/posts?slug=introducao-ao-react","service":"user-service"}
{"level":"info","message":"post obtido com sucesso na url http://localhost:8000/posts?slug=introducao-ao-react","service":"user-service"}
{"level":"info","message":"post obtido com sucesso na url http://localhost:8000/posts?slug=introducao-ao-react","service":"user-service"}
{"level":"info","message":"post obtido com sucesso na url http://localhost:8000/posts?slug=introducao-ao-react","service":"user-service"}
{"level":"info","message":"post obtido com sucesso na url http://localhost:8000/posts?slug=introducao-ao-react","service":"user-service"}
{"level":"info","message":"post obtido com sucesso na url http://localhost:8000/posts?slug=introducao-ao-react","service":"user-service"}
{"level":"info","message":"post obtido com sucesso na url http://localhost:8000/posts?slug=introducao-ao-react","service":"user-service"}
{"level":"info","message":"post obtido com sucesso na url http://localhost:8000/posts?slug=introducao-ao-react","service":"user-service"}
{"level":"info","message":"post obtido com sucesso na url http://localhost:8000/posts?slug=introducao-ao-react","service":"user-service"}
{"level":"info","message":"post obtido com sucesso na url http://localhost:8000/posts?slug=introducao-ao-react","service":"user-service"}
{"level":"info","message":"post obtido com sucesso na url http://localhost:8000/posts?slug=introducao-ao-react","service":"user-service"}
{"level":"info","message":"post obtido com sucesso na url http://localhost:8000/posts?slug=introducao-ao-react","service":"user-service"}
{"level":"info","message":"post obtido com sucesso na url http://localhost:8000/posts?slug=introducao-ao-react","service":"user-service"}
{"level":"info","message":"post obtido com sucesso na url http://localhost:8000/posts?slug=introducao-ao-react","service":"user-service"}
{"level":"info","message":"post obtido com sucesso na url http://localhost:8000/posts?slug=introducao-ao-react","service":"user-service"}
{"level":"info","message":"post obtido com sucesso na url http://localhost:8000/posts?slug=introducao-ao-react","service":"user-service"}
{"level":"info","message":"post obtido com sucesso na url http://localhost:8000/posts?slug=introducao-ao-react","service":"user-service"}
{"level":"info","message":"post obtido com sucesso na url http://localhost:8000/posts?slug=introducao-ao-react","service":"user-service"}
{"level":"info","message":"post obtido com sucesso na url http://localhost:8000/posts?slug=introducao-ao-react","service":"user-service"}
{"level":"info","message":"posts obtidos com sucesso na url http://localhost:8000/posts?_page=1&_per_page=4","service":"user-service"}
{"level":"info","message":"post obtido com sucesso na url http://localhost:8000/posts?slug=css-grid-na-pratica","service":"user-service"}
{"level":"info","message":"post obtido com sucesso na url http://localhost:8000/posts?slug=css-grid-na-pratica","service":"user-service"}
{"level":"info","message":"post obtido com sucesso na url http://localhost:8000/posts?slug=css-grid-na-pratica","service":"user-service"}
{"level":"info","message":"post obtido com sucesso na url http://localhost:8000/posts?slug=css-grid-na-pratica","service":"user-service"}
{"level":"info","message":"post obtido com sucesso na url http://localhost:8000/posts?slug=css-grid-na-pratica","service":"user-service"}
{"level":"info","message":"post obtido com sucesso na url http://localhost:8000/posts?slug=css-grid-na-pratica","service":"user-service"}
{"level":"info","message":"post obtido com sucesso na url http://localhost:8000/posts?slug=css-grid-na-pratica","service":"user-service"}
{"level":"info","message":"post obtido com sucesso na url http://localhost:8000/posts?slug=css-grid-na-pratica","service":"user-service"}
{"level":"info","message":"post obtido com sucesso na url http://localhost:8000/posts?slug=css-grid-na-pratica","service":"user-service"}
{"level":"info","message":"post obtido com sucesso na url http://localhost:8000/posts?slug=css-grid-na-pratica","service":"user-service"}
{"level":"info","message":"post obtido com sucesso na url http://localhost:8000/posts?slug=css-grid-na-pratica","service":"user-service"}
{"level":"info","message":"post obtido com sucesso na url http://localhost:8000/posts?slug=css-grid-na-pratica","service":"user-service"}
{"level":"info","message":"post obtido com sucesso na url http://localhost:8000/posts?slug=css-grid-na-pratica","service":"user-service"}
{"level":"info","message":"post obtido com sucesso na url http://localhost:8000/posts?slug=css-grid-na-pratica","service":"user-service"}
{"level":"info","message":"post obtido com sucesso na url http://localhost:8000/posts?slug=css-grid-na-pratica","service":"user-service"}
{"level":"info","message":"post obtido com sucesso na url http://localhost:8000/posts?slug=css-grid-na-pratica","service":"user-service"}
{"level":"info","message":"post obtido com sucesso na url http://localhost:8000/posts?slug=css-grid-na-pratica","service":"user-service"}
{"level":"info","message":"post obtido com sucesso na url http://localhost:8000/posts?slug=css-grid-na-pratica","service":"user-service"}
{"level":"info","message":"posts obtidos com sucesso na url http://localhost:8000/posts?_page=1&_per_page=4","service":"user-service"}
{"level":"info","message":"posts obtidos com sucesso na url http://localhost:8000/posts?_page=1&_per_page=4","service":"user-service"}
{"level":"info","message":"posts obtidos com sucesso na url http://localhost:8000/posts?_page=1&_per_page=4","service":"user-service"}
{"level":"info","message":"post obtido com sucesso na url http://localhost:8000/posts?slug=introducao-ao-react","service":"user-service"}
{"level":"info","message":"post obtido com sucesso na url http://localhost:8000/posts?slug=introducao-ao-react","service":"user-service"}
{"level":"info","message":"post obtido com sucesso na url http://localhost:8000/posts?slug=introducao-ao-react","service":"user-service"}
{"level":"info","message":"post obtido com sucesso na url http://localhost:8000/posts?slug=introducao-ao-react","service":"user-service"}
{"level":"info","message":"post obtido com sucesso na url http://localhost:8000/posts?slug=introducao-ao-react","service":"user-service"}
{"level":"info","message":"post obtido com sucesso na url http://localhost:8000/posts?slug=introducao-ao-react","service":"user-service"}
{"level":"info","message":"post obtido com sucesso na url http://localhost:8000/posts?slug=introducao-ao-react","service":"user-service"}
{"level":"info","message":"post obtido com sucesso na url http://localhost:8000/posts?slug=introducao-ao-react","service":"user-service"}
{"level":"info","message":"post obtido com sucesso na url http://localhost:8000/posts?slug=introducao-ao-react","service":"user-service"}
{"level":"info","message":"post obtido com sucesso na url http://localhost:8000/posts?slug=introducao-ao-react","service":"user-service"}
{"level":"info","message":"post obtido com sucesso na url http://localhost:8000/posts?slug=introducao-ao-react","service":"user-service"}
{"level":"info","message":"post obtido com sucesso na url http://localhost:8000/posts?slug=introducao-ao-react","service":"user-service"}
{"level":"info","message":"post obtido com sucesso na url http://localhost:8000/posts?slug=introducao-ao-react","service":"user-service"}
{"level":"info","message":"post obtido com sucesso na url http://localhost:8000/posts?slug=introducao-ao-react","service":"user-service"}
{"level":"info","message":"post obtido com sucesso na url http://localhost:8000/posts?slug=introducao-ao-react","service":"user-service"}
{"level":"info","message":"post obtido com sucesso na url http://localhost:8000/posts?slug=introducao-ao-react","service":"user-service"}
{"level":"info","message":"post obtido com sucesso na url http://localhost:8000/posts?slug=introducao-ao-react","service":"user-service"}
{"level":"info","message":"post obtido com sucesso na url http://localhost:8000/posts?slug=introducao-ao-react","service":"user-service"}
{"level":"info","message":"post obtido com sucesso na url http://localhost:8000/posts?slug=introducao-ao-react","service":"user-service"}
{"level":"info","message":"post obtido com sucesso na url http://localhost:8000/posts?slug=introducao-ao-react","service":"user-service"}
{"level":"info","message":"post obtido com sucesso na url http://localhost:8000/posts?slug=introducao-ao-react","service":"user-service"}
{"level":"info","message":"post obtido com sucesso na url http://localhost:8000/posts?slug=introducao-ao-react","service":"user-service"}
{"level":"info","message":"post obtido com sucesso na url http://localhost:8000/posts?slug=introducao-ao-react","service":"user-service"}
{"level":"info","message":"post obtido com sucesso na url http://localhost:8000/posts?slug=introducao-ao-react","service":"user-service"}
{"level":"info","message":"post obtido com sucesso na url http://localhost:8000/posts?slug=introducao-ao-react","service":"user-service"}
{"level":"info","message":"post obtido com sucesso na url http://localhost:8000/posts?slug=introducao-ao-react","service":"user-service"}
{"level":"info","message":"post obtido com sucesso na url http://localhost:8000/posts?slug=introducao-ao-react","service":"user-service"}
{"level":"info","message":"post obtido com sucesso na url http://localhost:8000/posts?slug=introducao-ao-react","service":"user-service"}
{"level":"info","message":"post obtido com sucesso na url http://localhost:8000/posts?slug=introducao-ao-react","service":"user-service"}
{"level":"info","message":"post obtido com sucesso na url http://localhost:8000/posts?slug=introducao-ao-react","service":"user-service"}
{"level":"info","message":"post obtido com sucesso na url http://localhost:8000/posts?slug=introducao-ao-react","service":"user-service"}
{"level":"info","message":"post obtido com sucesso na url http://localhost:8000/posts?slug=introducao-ao-react","service":"user-service"}
{"level":"info","message":"post obtido com sucesso na url http://localhost:8000/posts?slug=introducao-ao-react","service":"user-service"}
{"level":"info","message":"post obtido com sucesso na url http://localhost:8000/posts?slug=introducao-ao-react","service":"user-service"}
{"level":"info","message":"post obtido com sucesso na url http://localhost:8000/posts?slug=introducao-ao-react","service":"user-service"}
{"level":"info","message":"post obtido com sucesso na url http://localhost:8000/posts?slug=introducao-ao-react","service":"user-service"}
{"level":"info","message":"posts obtidos com sucesso na url http://localhost:8000/posts?_page=1&_per_page=4","service":"user-service"}
{"level":"info","message":"posts obtidos com sucesso na url http://localhost:8000/posts?_page=2&_per_page=4","service":"user-service"}
{"level":"info","message":"posts obtidos com sucesso na url http://localhost:8000/posts?_page=2&_per_page=4","service":"user-service"}
{"level":"info","message":"post obtido com sucesso na url http://localhost:8000/posts?slug=explorando-flexbox-no-css","service":"user-service"}
{"level":"info","message":"post obtido com sucesso na url http://localhost:8000/posts?slug=explorando-flexbox-no-css","service":"user-service"}
{"level":"info","message":"posts obtidos com sucesso na url http://localhost:8000/posts?_page=1&_per_page=4","service":"user-service"}
{"level":"info","message":"posts obtidos com sucesso na url http://localhost:8000/posts?_page=2&_per_page=4","service":"user-service"}
{"level":"info","message":"post obtido com sucesso na url http://localhost:8000/posts?slug=otimizacao-de-performance-no-react","service":"user-service"}
{"level":"info","message":"post obtido com sucesso na url http://localhost:8000/posts?slug=vuejs-para-iniciantes","service":"user-service"}
{"level":"info","message":"posts obtidos com sucesso na url http://localhost:8000/posts?_page=1&_per_page=4","service":"user-service"}
{"level":"info","message":"post obtido com sucesso na url http://localhost:8000/posts?slug=css-grid-na-pratica","service":"user-service"}
{"level":"info","message":"posts obtidos com sucesso na url http://localhost:8000/posts?_page=2&_per_page=4","service":"user-service"}
{"level":"info","message":"posts obtidos com sucesso na url http://localhost:8000/posts?_page=3&_per_page=4","service":"user-service"}
{"level":"info","message":"post obtido com sucesso na url http://localhost:8000/posts?slug=webpack-um-guia-para-iniciantes","service":"user-service"}
{"level":"info","message":"post obtido com sucesso na url http://localhost:8000/posts?slug=sass-simplificando-o-css","service":"user-service"}
{"level":"info","message":"posts obtidos com sucesso na url http://localhost:8000/posts?_page=1&_per_page=4","service":"user-service"}
{"level":"info","message":"posts obtidos com sucesso na url http://localhost:8000/posts?_page=2&_per_page=4","service":"user-service"}
{"level":"info","message":"posts obtidos com sucesso na url http://localhost:8000/posts?_page=1&_per_page=4","service":"user-service"}
{"level":"info","message":"posts obtidos com sucesso na url http://localhost:8000/posts?_page=3&_per_page=4","service":"user-service"}
{"level":"info","message":"posts obtidos com sucesso na url http://localhost:8000/posts?_page=1&_per_page=4","service":"user-service"}
{"level":"info","message":"posts obtidos com sucesso na url http://localhost:8000/posts?_page=1&_per_page=4","service":"user-service"}
{"level":"info","message":"posts obtidos com sucesso na url http://localhost:8000/posts?_page=1&_per_page=4","service":"user-service"}
{"level":"info","message":"posts obtidos com sucesso na url http://localhost:8000/posts?_page=1&_per_page=4","service":"user-service"}
{"level":"info","message":"posts obtidos com sucesso na url http://localhost:8000/posts?_page=1&_per_page=4","service":"user-service"}
{"error":{},"level":"error","message":"Erro ao carregar post com o slug","service":"user-service","slug":"construindo-spa-com-vuejs5"}
